ERROR - 2022-06-09 07:01:25 --> Table 'pos_db.datadiri' doesn't exist
CRITICAL - 2022-06-09 07:01:25 --> Table 'pos_db.datadiri' doesn't exist
#0 C:\xampp\htdocs\myproject\system\Database\MySQLi\Connection.php(292): mysqli->query('SELECT *\nFROM `...', 0)
#1 C:\xampp\htdocs\myproject\system\Database\BaseConnection.php(670): CodeIgniter\Database\MySQLi\Connection->execute('SELECT *\nFROM `...')
#2 C:\xampp\htdocs\myproject\system\Database\BaseConnection.php(598): CodeIgniter\Database\BaseConnection->simpleQuery('SELECT *\nFROM `...')
#3 C:\xampp\htdocs\myproject\system\Database\BaseBuilder.php(1455): CodeIgniter\Database\BaseConnection->query('SELECT *\nFROM `...', Array, false)
#4 C:\xampp\htdocs\myproject\system\Model.php(210): CodeIgniter\Database\BaseBuilder->get()
#5 C:\xampp\htdocs\myproject\system\BaseModel.php(622): CodeIgniter\Model->doFirst()
#6 C:\xampp\htdocs\myproject\app\Controllers\About.php(16): CodeIgniter\BaseModel->first()
#7 C:\xampp\htdocs\myproject\system\CodeIgniter.php(832): App\Controllers\About->index()
#8 C:\xampp\htdocs\myproject\system\CodeIgniter.php(419): CodeIgniter\CodeIgniter->runController(Object(App\Controllers\About))
#9 C:\xampp\htdocs\myproject\system\CodeIgniter.php(326): CodeIgniter\CodeIgniter->handleRequest(NULL, Object(Config\Cache), false)
#10 C:\xampp\htdocs\myproject\public\index.php(37): CodeIgniter\CodeIgniter->run()
#11 C:\xampp\htdocs\myproject\system\Commands\Server\rewrite.php(43): require_once('C:\\xampp\\htdocs...')
#12 {main}
ERROR - 2022-06-09 07:03:45 --> Error connecting to the database: Unknown database 'pos_db'
CRITICAL - 2022-06-09 07:03:45 --> Unable to connect to the database.
Main connection [MySQLi]: Unknown database 'pos_db'
#0 C:\xampp\htdocs\myproject\system\Database\BaseConnection.php(577): CodeIgniter\Database\BaseConnection->initialize()
#1 C:\xampp\htdocs\myproject\system\Database\BaseBuilder.php(1455): CodeIgniter\Database\BaseConnection->query('SELECT *\nFROM `...', Array, false)
#2 C:\xampp\htdocs\myproject\system\Model.php(210): CodeIgniter\Database\BaseBuilder->get()
#3 C:\xampp\htdocs\myproject\system\BaseModel.php(622): CodeIgniter\Model->doFirst()
#4 C:\xampp\htdocs\myproject\app\Controllers\About.php(16): CodeIgniter\BaseModel->first()
#5 C:\xampp\htdocs\myproject\system\CodeIgniter.php(832): App\Controllers\About->index()
#6 C:\xampp\htdocs\myproject\system\CodeIgniter.php(419): CodeIgniter\CodeIgniter->runController(Object(App\Controllers\About))
#7 C:\xampp\htdocs\myproject\system\CodeIgniter.php(326): CodeIgniter\CodeIgniter->handleRequest(NULL, Object(Config\Cache), false)
#8 C:\xampp\htdocs\myproject\public\index.php(37): CodeIgniter\CodeIgniter->run()
#9 C:\xampp\htdocs\myproject\system\Commands\Server\rewrite.php(43): require_once('C:\\xampp\\htdocs...')
#10 {main}
ERROR - 2022-06-09 07:04:38 --> Error connecting to the database: Access denied for user '****'@'localhost' (using password: YES)
CRITICAL - 2022-06-09 07:04:38 --> Unable to connect to the database.
Main connection [MySQLi]: Access denied for user '****'@'localhost' (using password: YES)
#0 C:\xampp\htdocs\myproject\system\Database\BaseConnection.php(577): CodeIgniter\Database\BaseConnection->initialize()
#1 C:\xampp\htdocs\myproject\system\Database\BaseBuilder.php(1455): CodeIgniter\Database\BaseConnection->query('SELECT *\nFROM `...', Array, false)
#2 C:\xampp\htdocs\myproject\system\Model.php(210): CodeIgniter\Database\BaseBuilder->get()
#3 C:\xampp\htdocs\myproject\system\BaseModel.php(622): CodeIgniter\Model->doFirst()
#4 C:\xampp\htdocs\myproject\app\Controllers\About.php(16): CodeIgniter\BaseModel->first()
#5 C:\xampp\htdocs\myproject\system\CodeIgniter.php(832): App\Controllers\About->index()
#6 C:\xampp\htdocs\myproject\system\CodeIgniter.php(419): CodeIgniter\CodeIgniter->runController(Object(App\Controllers\About))
#7 C:\xampp\htdocs\myproject\system\CodeIgniter.php(326): CodeIgniter\CodeIgniter->handleRequest(NULL, Object(Config\Cache), false)
#8 C:\xampp\htdocs\myproject\public\index.php(37): CodeIgniter\CodeIgniter->run()
#9 C:\xampp\htdocs\myproject\system\Commands\Server\rewrite.php(43): require_once('C:\\xampp\\htdocs...')
#10 {main}
CRITICAL - 2022-06-09 07:05:10 --> Undefined array key "NPM"
#0 C:\xampp\htdocs\myproject\app\Views\cv.php(40): CodeIgniter\Debug\Exceptions->errorHandler(2, 'Undefined array...', 'C:\\xampp\\htdocs...', 40)
#1 C:\xampp\htdocs\myproject\system\View\View.php(210): include('C:\\xampp\\htdocs...')
#2 C:\xampp\htdocs\myproject\system\View\View.php(213): CodeIgniter\View\View->CodeIgniter\View\{closure}()
#3 C:\xampp\htdocs\myproject\system\Common.php(1089): CodeIgniter\View\View->render('cv', Array, true)
#4 C:\xampp\htdocs\myproject\app\Controllers\About.php(16): view('cv', Array)
#5 C:\xampp\htdocs\myproject\system\CodeIgniter.php(832): App\Controllers\About->index()
#6 C:\xampp\htdocs\myproject\system\CodeIgniter.php(419): CodeIgniter\CodeIgniter->runController(Object(App\Controllers\About))
#7 C:\xampp\htdocs\myproject\system\CodeIgniter.php(326): CodeIgniter\CodeIgniter->handleRequest(NULL, Object(Config\Cache), false)
#8 C:\xampp\htdocs\myproject\public\index.php(37): CodeIgniter\CodeIgniter->run()
#9 C:\xampp\htdocs\myproject\system\Commands\Server\rewrite.php(43): require_once('C:\\xampp\\htdocs...')
#10 {main}
CRITICAL - 2022-06-09 07:05:31 --> Undefined array key "JenisKelamin"
#0 C:\xampp\htdocs\myproject\app\Views\cv.php(43): CodeIgniter\Debug\Exceptions->errorHandler(2, 'Undefined array...', 'C:\\xampp\\htdocs...', 43)
#1 C:\xampp\htdocs\myproject\system\View\View.php(210): include('C:\\xampp\\htdocs...')
#2 C:\xampp\htdocs\myproject\system\View\View.php(213): CodeIgniter\View\View->CodeIgniter\View\{closure}()
#3 C:\xampp\htdocs\myproject\system\Common.php(1089): CodeIgniter\View\View->render('cv', Array, true)
#4 C:\xampp\htdocs\myproject\app\Controllers\About.php(16): view('cv', Array)
#5 C:\xampp\htdocs\myproject\system\CodeIgniter.php(832): App\Controllers\About->index()
#6 C:\xampp\htdocs\myproject\system\CodeIgniter.php(419): CodeIgniter\CodeIgniter->runController(Object(App\Controllers\About))
#7 C:\xampp\htdocs\myproject\system\CodeIgniter.php(326): CodeIgniter\CodeIgniter->handleRequest(NULL, Object(Config\Cache), false)
#8 C:\xampp\htdocs\myproject\public\index.php(37): CodeIgniter\CodeIgniter->run()
#9 C:\xampp\htdocs\myproject\system\Commands\Server\rewrite.php(43): require_once('C:\\xampp\\htdocs...')
#10 {main}
