ERROR - 2022-06-18 00:49:47 --> Table 'ci4.user' doesn't exist
CRITICAL - 2022-06-18 00:49:47 --> Table 'ci4.user' doesn't exist
#0 C:\xampp\htdocs\myproject\system\Database\MySQLi\Connection.php(292): mysqli->query('SELECT *\nFROM `...', 0)
#1 C:\xampp\htdocs\myproject\system\Database\BaseConnection.php(670): CodeIgniter\Database\MySQLi\Connection->execute('SELECT *\nFROM `...')
#2 C:\xampp\htdocs\myproject\system\Database\BaseConnection.php(598): CodeIgniter\Database\BaseConnection->simpleQuery('SELECT *\nFROM `...')
#3 C:\xampp\htdocs\myproject\system\Database\BaseBuilder.php(1455): CodeIgniter\Database\BaseConnection->query('SELECT *\nFROM `...', Array, false)
#4 C:\xampp\htdocs\myproject\system\Model.php(210): CodeIgniter\Database\BaseBuilder->get()
#5 C:\xampp\htdocs\myproject\system\BaseModel.php(622): CodeIgniter\Model->doFirst()
#6 C:\xampp\htdocs\myproject\app\Controllers\Auth.php(20): CodeIgniter\BaseModel->first()
#7 C:\xampp\htdocs\myproject\system\CodeIgniter.php(832): App\Controllers\auth->index()
#8 C:\xampp\htdocs\myproject\system\CodeIgniter.php(419): CodeIgniter\CodeIgniter->runController(Object(App\Controllers\auth))
#9 C:\xampp\htdocs\myproject\system\CodeIgniter.php(326): CodeIgniter\CodeIgniter->handleRequest(NULL, Object(Config\Cache), false)
#10 C:\xampp\htdocs\myproject\public\index.php(37): CodeIgniter\CodeIgniter->run()
#11 C:\xampp\htdocs\myproject\system\Commands\Server\rewrite.php(43): require_once('C:\\xampp\\htdocs...')
#12 {main}
CRITICAL - 2022-06-18 01:12:58 --> Undefined array key "user_id"
#0 C:\xampp\htdocs\myproject\app\Controllers\Auth.php(29): CodeIgniter\Debug\Exceptions->errorHandler(2, 'Undefined array...', 'C:\\xampp\\htdocs...', 29)
#1 C:\xampp\htdocs\myproject\system\CodeIgniter.php(832): App\Controllers\auth->index()
#2 C:\xampp\htdocs\myproject\system\CodeIgniter.php(419): CodeIgniter\CodeIgniter->runController(Object(App\Controllers\auth))
#3 C:\xampp\htdocs\myproject\system\CodeIgniter.php(326): CodeIgniter\CodeIgniter->handleRequest(NULL, Object(Config\Cache), false)
#4 C:\xampp\htdocs\myproject\public\index.php(37): CodeIgniter\CodeIgniter->run()
#5 C:\xampp\htdocs\myproject\system\Commands\Server\rewrite.php(43): require_once('C:\\xampp\\htdocs...')
#6 {main}
ERROR - 2022-06-18 02:15:02 --> Duplicate entry '20753064' for key 'PRIMARY'
CRITICAL - 2022-06-18 02:15:02 --> Duplicate entry '20753064' for key 'PRIMARY'
#0 C:\xampp\htdocs\myproject\system\Database\MySQLi\Connection.php(292): mysqli->query('INSERT INTO `da...', 0)
#1 C:\xampp\htdocs\myproject\system\Database\BaseConnection.php(670): CodeIgniter\Database\MySQLi\Connection->execute('INSERT INTO `da...')
#2 C:\xampp\htdocs\myproject\system\Database\BaseConnection.php(598): CodeIgniter\Database\BaseConnection->simpleQuery('INSERT INTO `da...')
#3 C:\xampp\htdocs\myproject\system\Database\BaseBuilder.php(1771): CodeIgniter\Database\BaseConnection->query('INSERT INTO `da...', Array, false)
#4 C:\xampp\htdocs\myproject\system\Model.php(239): CodeIgniter\Database\BaseBuilder->insert()
#5 C:\xampp\htdocs\myproject\system\BaseModel.php(738): CodeIgniter\Model->doInsert(Array)
#6 C:\xampp\htdocs\myproject\system\Model.php(625): CodeIgniter\BaseModel->insert(Array, true)
#7 C:\xampp\htdocs\myproject\app\Controllers\About.php(90): CodeIgniter\Model->insert(Array)
#8 C:\xampp\htdocs\myproject\system\CodeIgniter.php(832): App\Controllers\About->update()
#9 C:\xampp\htdocs\myproject\system\CodeIgniter.php(419): CodeIgniter\CodeIgniter->runController(Object(App\Controllers\About))
#10 C:\xampp\htdocs\myproject\system\CodeIgniter.php(326): CodeIgniter\CodeIgniter->handleRequest(NULL, Object(Config\Cache), false)
#11 C:\xampp\htdocs\myproject\public\index.php(37): CodeIgniter\CodeIgniter->run()
#12 C:\xampp\htdocs\myproject\system\Commands\Server\rewrite.php(43): require_once('C:\\xampp\\htdocs...')
#13 {main}
CRITICAL - 2022-06-18 02:20:13 --> Trying to access array offset on value of type null
#0 C:\xampp\htdocs\myproject\app\Views\cv.php(17): CodeIgniter\Debug\Exceptions->errorHandler(2, 'Trying to acces...', 'C:\\xampp\\htdocs...', 17)
#1 C:\xampp\htdocs\myproject\system\View\View.php(210): include('C:\\xampp\\htdocs...')
#2 C:\xampp\htdocs\myproject\system\View\View.php(213): CodeIgniter\View\View->CodeIgniter\View\{closure}()
#3 C:\xampp\htdocs\myproject\system\Common.php(1089): CodeIgniter\View\View->render('cv', Array, true)
#4 C:\xampp\htdocs\myproject\app\Controllers\About.php(13): view('cv', Array)
#5 C:\xampp\htdocs\myproject\system\CodeIgniter.php(832): App\Controllers\About->index()
#6 C:\xampp\htdocs\myproject\system\CodeIgniter.php(419): CodeIgniter\CodeIgniter->runController(Object(App\Controllers\About))
#7 C:\xampp\htdocs\myproject\system\CodeIgniter.php(326): CodeIgniter\CodeIgniter->handleRequest(NULL, Object(Config\Cache), false)
#8 C:\xampp\htdocs\myproject\public\index.php(37): CodeIgniter\CodeIgniter->run()
#9 C:\xampp\htdocs\myproject\system\Commands\Server\rewrite.php(43): require_once('C:\\xampp\\htdocs...')
#10 {main}
CRITICAL - 2022-06-18 02:20:33 --> Trying to access array offset on value of type null
#0 C:\xampp\htdocs\myproject\app\Views\cv.php(17): CodeIgniter\Debug\Exceptions->errorHandler(2, 'Trying to acces...', 'C:\\xampp\\htdocs...', 17)
#1 C:\xampp\htdocs\myproject\system\View\View.php(210): include('C:\\xampp\\htdocs...')
#2 C:\xampp\htdocs\myproject\system\View\View.php(213): CodeIgniter\View\View->CodeIgniter\View\{closure}()
#3 C:\xampp\htdocs\myproject\system\Common.php(1089): CodeIgniter\View\View->render('cv', Array, true)
#4 C:\xampp\htdocs\myproject\app\Controllers\About.php(13): view('cv', Array)
#5 C:\xampp\htdocs\myproject\system\CodeIgniter.php(832): App\Controllers\About->index()
#6 C:\xampp\htdocs\myproject\system\CodeIgniter.php(419): CodeIgniter\CodeIgniter->runController(Object(App\Controllers\About))
#7 C:\xampp\htdocs\myproject\system\CodeIgniter.php(326): CodeIgniter\CodeIgniter->handleRequest(NULL, Object(Config\Cache), false)
#8 C:\xampp\htdocs\myproject\public\index.php(37): CodeIgniter\CodeIgniter->run()
#9 C:\xampp\htdocs\myproject\system\Commands\Server\rewrite.php(43): require_once('C:\\xampp\\htdocs...')
#10 {main}
CRITICAL - 2022-06-18 02:28:55 --> Trying to access array offset on value of type null
#0 C:\xampp\htdocs\myproject\app\Views\cv.php(17): CodeIgniter\Debug\Exceptions->errorHandler(2, 'Trying to acces...', 'C:\\xampp\\htdocs...', 17)
#1 C:\xampp\htdocs\myproject\system\View\View.php(210): include('C:\\xampp\\htdocs...')
#2 C:\xampp\htdocs\myproject\system\View\View.php(213): CodeIgniter\View\View->CodeIgniter\View\{closure}()
#3 C:\xampp\htdocs\myproject\system\Common.php(1089): CodeIgniter\View\View->render('cv', Array, true)
#4 C:\xampp\htdocs\myproject\app\Controllers\About.php(13): view('cv', Array)
#5 C:\xampp\htdocs\myproject\system\CodeIgniter.php(832): App\Controllers\About->index()
#6 C:\xampp\htdocs\myproject\system\CodeIgniter.php(419): CodeIgniter\CodeIgniter->runController(Object(App\Controllers\About))
#7 C:\xampp\htdocs\myproject\system\CodeIgniter.php(326): CodeIgniter\CodeIgniter->handleRequest(NULL, Object(Config\Cache), false)
#8 C:\xampp\htdocs\myproject\public\index.php(37): CodeIgniter\CodeIgniter->run()
#9 C:\xampp\htdocs\myproject\system\Commands\Server\rewrite.php(43): require_once('C:\\xampp\\htdocs...')
#10 {main}
CRITICAL - 2022-06-18 02:32:31 --> Trying to access array offset on value of type null
#0 C:\xampp\htdocs\myproject\app\Views\cv.php(17): CodeIgniter\Debug\Exceptions->errorHandler(2, 'Trying to acces...', 'C:\\xampp\\htdocs...', 17)
#1 C:\xampp\htdocs\myproject\system\View\View.php(210): include('C:\\xampp\\htdocs...')
#2 C:\xampp\htdocs\myproject\system\View\View.php(213): CodeIgniter\View\View->CodeIgniter\View\{closure}()
#3 C:\xampp\htdocs\myproject\system\Common.php(1089): CodeIgniter\View\View->render('cv', Array, true)
#4 C:\xampp\htdocs\myproject\app\Controllers\About.php(13): view('cv', Array)
#5 C:\xampp\htdocs\myproject\system\CodeIgniter.php(832): App\Controllers\About->index()
#6 C:\xampp\htdocs\myproject\system\CodeIgniter.php(419): CodeIgniter\CodeIgniter->runController(Object(App\Controllers\About))
#7 C:\xampp\htdocs\myproject\system\CodeIgniter.php(326): CodeIgniter\CodeIgniter->handleRequest(NULL, Object(Config\Cache), false)
#8 C:\xampp\htdocs\myproject\public\index.php(37): CodeIgniter\CodeIgniter->run()
#9 C:\xampp\htdocs\myproject\system\Commands\Server\rewrite.php(43): require_once('C:\\xampp\\htdocs...')
#10 {main}
